2022-06-28 17:11:36,837 DEBUG    root            Loaded Command Group: ['gcloud', 'config']
2022-06-28 17:11:36,854 DEBUG    root            Loaded Command Group: ['gcloud', 'config', 'config_helper']
2022-06-28 17:11:36,876 DEBUG    root            Running [gcloud.config.config-helper] with arguments: [--format: "json", --quiet: "True"]
2022-06-28 17:11:36,906 DEBUG    google.auth.transport.requests Making request: GET http://metadata.google.internal/computeMetadata/v1/instance/service-accounts/1941720160@student.polinema.ac.id/?recursive=true
2022-06-28 17:11:36,910 DEBUG    urllib3.connectionpool Starting new HTTP connection (1): metadata.google.internal:80
2022-06-28 17:11:36,923 DEBUG    urllib3.connectionpool http://metadata.google.internal:80 "GET /computeMetadata/v1/instance/service-accounts/1941720160@student.polinema.ac.id/?recursive=true HTTP/1.1" 200 None
2022-06-28 17:11:36,924 DEBUG    google.auth.transport.requests Making request: GET http://metadata.google.internal/computeMetadata/v1/instance/service-accounts/1941720160@student.polinema.ac.id/token
2022-06-28 17:11:36,927 DEBUG    urllib3.connectionpool Resetting dropped connection: metadata.google.internal
2022-06-28 17:11:36,938 DEBUG    urllib3.connectionpool http://metadata.google.internal:80 "GET /computeMetadata/v1/instance/service-accounts/1941720160@student.polinema.ac.id/token HTTP/1.1" 200 None
2022-06-28 17:11:36,996 INFO     root            Display format: "default json"
2022-06-28 17:11:36,998 INFO     ___FILE_ONLY___ {
  "configuration": {
    "active_configuration": "default",
    "properties": {
      "accessibility": {
        "screen_reader": "True"
      },
      "component_manager": {
        "disable_update_check": "True"
      },
      "compute": {
        "gce_metadata_read_timeout_sec": "30"
      },
      "core": {
        "account": "1941720160@student.polinema.ac.id",
        "disable_prompts": "True",
        "disable_usage_reporting": "True",
        "print_unhandled_tracebacks": "true"
      },
      "metrics": {
        "environment": "cloudcode.vscode",
        "environment_version": "1.18.3"
      }
    }
  },
  "credential": {
    "access_token": "ya29.A0ARrdaM_r2OuBvw3ag3nTbwmyNsL1xYtuZCZBGBC9maKuJ81M2d-VQJce0TpvMRhkds6Bz6KLvktMhU-469a1TLLeBZgJasRRVJsrnQyfK0PKwR56L1DrA-7qCjX5VGZc8qVQ5VUhcjEE0qCNNmcuSmd9qG20FGEsIyhi3NuHXOEfhL8Bh4WKx8-nFozpFuLEL2464ics-QTzQuHX5L3GTDrTcYncW_ayM8v0uJKCmSRy2HImfAqfJtNma1m2zB7yUN-Q2AYUNnWUtBVEFTQVRBU0ZRRl91NjFWOVIydjRRMHJxaW9tSWVtdFRXUEQ2QQ0269",
    "id_token": "eyJhbGciOiJSUzI1NiIsImtpZCI6IjJiMDllNzQ0ZDU4Yzk5NTVkNGYyNDBiNmE5MmY3YjM3ZmVhZDJmZjgiLCJ0eXAiOiJKV1QifQ.eyJpc3MiOiJhY2NvdW50cy5nb29nbGUuY29tIiwiYXpwIjoiNjE4MTA0NzA4MDU0LTlyOXMxYzRhbGczNmVybGl1Y2hvOXQ1Mm4zMm42ZGdxLmFwcHMuZ29vZ2xldXNlcmNvbnRlbnQuY29tIiwiYXVkIjoiNjE4MTA0NzA4MDU0LTlyOXMxYzRhbGczNmVybGl1Y2hvOXQ1Mm4zMm42ZGdxLmFwcHMuZ29vZ2xldXNlcmNvbnRlbnQuY29tIiwic3ViIjoiMTAwMjMyMDY1MDcxMDM3MjM2NjEwIiwiaGQiOiJzdHVkZW50LnBvbGluZW1hLmFjLmlkIiwiZW1haWwiOiIxOTQxNzIwMTYwQHN0dWRlbnQucG9saW5lbWEuYWMuaWQiLCJlbWFpbF92ZXJpZmllZCI6dHJ1ZSwiYXRfaGFzaCI6IjBwYV85eXRka0UxbXhJRzQ5Y2tId3ciLCJpYXQiOjE2NTY0MzM0NTUsImV4cCI6MTY1NjQzNzA1NSwianRpIjoiYzE5MjdkMjg4NWM4MTJhODQxNzBkZDE1YjIxMGEzMjdmYjc3MTZkYyJ9.ess2hCLSf8LFh7Wc7GbWym9HsEq_Rj7Km4Zjf4KehYHezs8DUJt0IX0XFgaJGbJXQ6P7S7xGwu8y_O_IsqkZLc0GWDyDZE8TuVWgAB8StcIP5Pm0szWW_SqAcH5icGwBsdmLq48yXhYunsTm3nTD3CyGJ3f9P9xipgU2qLe2tydwUBLrZgVpFyvG3oBZPm48rYEVskFdOUUG8p4RMBvkafnaVrwtWIXt6plAFu0NDIf4j_6xlYlClj6yMONiR5RDpWCggLuCdl_XNGjoIPtQl10w1Gh4gUKqVDzHQwvY27DlbmBG3oCva3Fk2L0PxlC6MZw3sttIMzI7RnC9xNxP_A",
    "token_expiry": "2022-06-28T17:24:12Z"
  },
  "sentinels": {
    "config_sentinel": "/home/g1941720160/.config/gcloud/config_sentinel"
  }
}
2022-06-28 17:11:36,998 INFO     ___FILE_ONLY___ 

2022-06-28 17:11:37,001 DEBUG    root            SDK update checks are disabled.
